INFO main org.springframework.web.context.ContextLoader - Root WebApplicationContext: initialization started
INFO main org.springframework.web.context.support.XmlWebApplicationContext - Refreshing Root WebApplicationContext: startup date [Sun Mar 18 10:52:34 IST 2012]; root of context hierarchy
INFO main org.springframework.beans.factory.xml.XmlBeanDefinitionReader - Loading XML bean definitions from file [C:\Users\viji\Documents\workspacests\kerpcc\target\classes\META-INF\spring\applicationContext-jms.xml]
INFO main org.springframework.beans.factory.xml.XmlBeanDefinitionReader - Loading XML bean definitions from file [C:\Users\viji\Documents\workspacests\kerpcc\target\classes\META-INF\spring\applicationContext-security.xml]
INFO main org.springframework.security.config.http.FilterInvocationSecurityMetadataSourceParser - Creating access control expression attribute 'hasRole('ROLE_ADMIN')' for /employees/**
INFO main org.springframework.security.config.http.FilterInvocationSecurityMetadataSourceParser - Creating access control expression attribute 'hasRole('ROLE_ADMIN')' for /choices/**
INFO main org.springframework.security.config.http.FilterInvocationSecurityMetadataSourceParser - Creating access control expression attribute 'isAuthenticated()' for /member/**
INFO main org.springframework.security.config.http.FilterInvocationSecurityMetadataSourceParser - Creating access control expression attribute 'permitAll' for /resources/**
INFO main org.springframework.security.config.http.FilterInvocationSecurityMetadataSourceParser - Creating access control expression attribute 'permitAll' for /**
INFO main org.springframework.security.config.http.HttpSecurityBeanDefinitionParser - Checking sorted filter chain: [Root bean: class [org.springframework.security.web.context.SecurityContextPersistenceFilter]; scope=; abstract=false; lazyInit=false; autowireMode=0; dependencyCheck=0; autowireCandidate=true; primary=false; factoryBeanName=null; factoryMethodName=null; initMethodName=null; destroyMethodName=null, order = 300, Root bean: class [org.springframework.security.web.authentication.logout.LogoutFilter]; scope=; abstract=false; lazyInit=false; autowireMode=0; dependencyCheck=0; autowireCandidate=true; primary=false; factoryBeanName=null; factoryMethodName=null; initMethodName=null; destroyMethodName=null, order = 400, Root bean: class [org.springframework.security.web.authentication.UsernamePasswordAuthenticationFilter]; scope=; abstract=false; lazyInit=false; autowireMode=0; dependencyCheck=0; autowireCandidate=true; primary=false; factoryBeanName=null; factoryMethodName=null; initMethodName=null; destroyMethodName=null, order = 800, Root bean: class [org.springframework.security.web.authentication.www.BasicAuthenticationFilter]; scope=; abstract=false; lazyInit=false; autowireMode=0; dependencyCheck=0; autowireCandidate=true; primary=false; factoryBeanName=null; factoryMethodName=null; initMethodName=null; destroyMethodName=null, order = 1200, Root bean: class [org.springframework.security.web.savedrequest.RequestCacheAwareFilter]; scope=; abstract=false; lazyInit=false; autowireMode=0; dependencyCheck=0; autowireCandidate=true; primary=false; factoryBeanName=null; factoryMethodName=null; initMethodName=null; destroyMethodName=null, order = 1300, Root bean: class [org.springframework.security.web.servletapi.SecurityContextHolderAwareRequestFilter]; scope=; abstract=false; lazyInit=false; autowireMode=0; dependencyCheck=0; autowireCandidate=true; primary=false; factoryBeanName=null; factoryMethodName=null; initMethodName=null; destroyMethodName=null, order = 1400, Root bean: class [org.springframework.security.web.authentication.AnonymousAuthenticationFilter]; scope=; abstract=false; lazyInit=false; autowireMode=0; dependencyCheck=0; autowireCandidate=true; primary=false; factoryBeanName=null; factoryMethodName=null; initMethodName=null; destroyMethodName=null, order = 1600, Root bean: class [org.springframework.security.web.session.SessionManagementFilter]; scope=; abstract=false; lazyInit=false; autowireMode=0; dependencyCheck=0; autowireCandidate=true; primary=false; factoryBeanName=null; factoryMethodName=null; initMethodName=null; destroyMethodName=null, order = 1700, Root bean: class [org.springframework.security.web.access.ExceptionTranslationFilter]; scope=; abstract=false; lazyInit=false; autowireMode=0; dependencyCheck=0; autowireCandidate=true; primary=false; factoryBeanName=null; factoryMethodName=null; initMethodName=null; destroyMethodName=null, order = 1800, <org.springframework.security.web.access.intercept.FilterSecurityInterceptor#0>, order = 1900]
INFO main org.springframework.beans.factory.xml.XmlBeanDefinitionReader - Loading XML bean definitions from file [C:\Users\viji\Documents\workspacests\kerpcc\target\classes\META-INF\spring\applicationContext.xml]
INFO main org.springframework.beans.factory.config.PropertyPlaceholderConfigurer - Loading properties file from file [C:\Users\viji\Documents\workspacests\kerpcc\target\classes\META-INF\spring\database.properties]
INFO main org.springframework.beans.factory.config.PropertyPlaceholderConfigurer - Loading properties file from file [C:\Users\viji\Documents\workspacests\kerpcc\target\classes\META-INF\spring\email.properties]
INFO main org.springframework.beans.factory.support.DefaultListableBeanFactory - Pre-instantiating singletons in org.springframework.beans.factory.support.DefaultListableBeanFactory@1e62b84: defining beans [org.apache.activemq.xbean.XBeanBrokerService#0,jmsFactory,cachingConnectionFactory,jmsTemplate,myDestination,org.springframework.security.web.PortMapperImpl#0,org.springframework.security.web.context.HttpSessionSecurityContextRepository#0,org.springframework.security.web.authentication.session.SessionFixationProtectionStrategy#0,org.springframework.security.authentication.ProviderManager#0,org.springframework.security.web.access.expression.DefaultWebSecurityExpressionHandler#0,org.springframework.security.access.vote.AffirmativeBased#0,org.springframework.security.web.access.intercept.FilterSecurityInterceptor#0,org.springframework.security.web.access.DefaultWebInvocationPrivilegeEvaluator#0,org.springframework.security.authentication.AnonymousAuthenticationProvider#0,org.springframework.security.web.savedrequest.HttpSessionRequestCache#0,org.springframework.security.web.authentication.www.BasicAuthenticationEntryPoint#0,org.springframework.security.web.authentication.UsernamePasswordAuthenticationFilter#0,org.springframework.security.config.http.UserDetailsServiceInjectionBeanPostProcessor#0,org.springframework.security.filterChainProxy,org.springframework.security.core.userdetails.memory.InMemoryDaoImpl#0,org.springframework.security.authentication.dao.DaoAuthenticationProvider#0,org.springframework.security.authentication.DefaultAuthenticationEventPublisher#0,org.springframework.security.authenticationManager,org.springframework.beans.factory.config.PropertyPlaceholderConfigurer#0,org.springframework.context.config.internalBeanConfigurerAspect,org.springframework.context.annotation.internalConfigurationAnnotationProcessor,org.springframework.context.annotation.internalAutowiredAnnotationProcessor,org.springframework.context.annotation.internalRequiredAnnotationProcessor,org.springframework.context.annotation.internalCommonAnnotationProcessor,org.springframework.context.annotation.internalPersistenceAnnotationProcessor,dataSource,transactionManager,org.springframework.transaction.config.internalTransactionAspect,entityManagerFactory,mailSender,templateMessage]; root of factory hierarchy
INFO main org.apache.activemq.broker.BrokerService - Using Persistence Adapter: MemoryPersistenceAdapter
INFO main org.apache.activemq.broker.BrokerService - ActiveMQ 5.4.2 JMS Message Broker (localhost) is starting
INFO main org.apache.activemq.broker.BrokerService - For help or more information please see: http://activemq.apache.org/
INFO JMX connector org.apache.activemq.broker.jmx.ManagementContext - JMX consoles can connect to service:jmx:rmi:///jndi/rmi://localhost:1099/jmxrmi
INFO main org.apache.activemq.transport.TransportServerThreadSupport - Listening for connections at: tcp://127.0.0.1:61616
INFO main org.apache.activemq.broker.TransportConnector - Connector tcp://localhost:61616 Started
INFO main org.apache.activemq.broker.BrokerService - ActiveMQ JMS Message Broker (localhost, ID:viji-PC-57216-1332048157362-0:1) started
INFO main org.springframework.security.web.access.intercept.FilterSecurityInterceptor - Validated configuration attributes
INFO main org.springframework.orm.jpa.LocalContainerEntityManagerFactoryBean - Building JPA container EntityManagerFactory for persistence unit 'persistenceUnit'
INFO main org.hibernate.cfg.annotations.Version - Hibernate Annotations 3.5.5-Final
INFO main org.hibernate.cfg.Environment - Hibernate 3.5.5-Final
INFO main org.hibernate.cfg.Environment - hibernate.properties not found
INFO main org.hibernate.cfg.Environment - Bytecode provider name : javassist
INFO main org.hibernate.cfg.Environment - using JDK 1.4 java.sql.Timestamp handling
INFO main org.hibernate.annotations.common.Version - Hibernate Commons Annotations 3.2.0.Final
INFO main org.hibernate.ejb.Version - Hibernate EntityManager 3.5.5-Final
INFO main org.hibernate.ejb.Ejb3Configuration - Processing PersistenceUnitInfo [
	name: persistenceUnit
	...]
INFO main org.hibernate.cfg.AnnotationBinder - Binding entity from annotated class: com.kreativ.kerp.domain.Project
INFO main org.hibernate.cfg.annotations.EntityBinder - Bind entity com.kreativ.kerp.domain.Project on table project
INFO main org.hibernate.cfg.AnnotationBinder - Binding entity from annotated class: com.kreativ.kerp.reference.Mst_job_status
INFO main org.hibernate.cfg.annotations.EntityBinder - Bind entity com.kreativ.kerp.reference.Mst_job_status on table mst_job_status
INFO main org.hibernate.cfg.AnnotationBinder - Binding entity from annotated class: com.kreativ.kerp.reference.Mst_job_role
INFO main org.hibernate.cfg.annotations.EntityBinder - Bind entity com.kreativ.kerp.reference.Mst_job_role on table mst_job_role
INFO main org.hibernate.cfg.AnnotationBinder - Binding entity from annotated class: com.kreativ.kerp.domain.Employee
INFO main org.hibernate.cfg.annotations.EntityBinder - Bind entity com.kreativ.kerp.domain.Employee on table employee
INFO main org.hibernate.cfg.AnnotationBinder - Binding entity from annotated class: com.kreativ.kerp.domain.hist.EmployeeHist
INFO main org.hibernate.cfg.annotations.EntityBinder - Bind entity com.kreativ.kerp.domain.hist.EmployeeHist on table employee_hist
INFO main org.hibernate.cfg.AnnotationConfiguration - Hibernate Validator not found: ignoring
INFO main org.hibernate.validator.util.Version - Hibernate Validator 4.1.0.Final
INFO main org.hibernate.validator.engine.resolver.DefaultTraversableResolver - Instantiated an instance of org.hibernate.validator.engine.resolver.JPATraversableResolver.
INFO main org.hibernate.validator.engine.resolver.DefaultTraversableResolver - Instantiated an instance of org.hibernate.validator.engine.resolver.JPATraversableResolver.
INFO main org.hibernate.cfg.search.HibernateSearchEventListenerRegister - Unable to find org.hibernate.search.event.FullTextIndexEventListener on the classpath. Hibernate Search is not enabled.
INFO main org.hibernate.validator.engine.resolver.DefaultTraversableResolver - Instantiated an instance of org.hibernate.validator.engine.resolver.JPATraversableResolver.
INFO main org.hibernate.connection.ConnectionProviderFactory - Initializing connection provider: org.hibernate.ejb.connection.InjectedDataSourceConnectionProvider
INFO main org.hibernate.ejb.connection.InjectedDataSourceConnectionProvider - Using provided datasource
INFO main org.hibernate.cfg.SettingsFactory - RDBMS: MySQL, version: 5.5.16
INFO main org.hibernate.cfg.SettingsFactory - JDBC driver: MySQL-AB JDBC Driver, version: mysql-connector-java-5.1.13 ( Revision: ${bzr.revision-id} )
INFO main org.hibernate.dialect.Dialect - Using dialect: org.hibernate.dialect.MySQL5InnoDBDialect
INFO main org.hibernate.engine.jdbc.JdbcSupportLoader - Disabling contextual LOB creation as JDBC driver reported JDBC version [3] less than 4
INFO main org.hibernate.transaction.TransactionFactoryFactory - Transaction strategy: org.hibernate.transaction.JDBCTransactionFactory
INFO main org.hibernate.transaction.TransactionManagerLookupFactory - No TransactionManagerLookup configured (in JTA environment, use of read-write or transactional second-level cache is not recommended)
INFO main org.hibernate.cfg.SettingsFactory - Automatic flush during beforeCompletion(): disabled
INFO main org.hibernate.cfg.SettingsFactory - Automatic session close at end of transaction: disabled
INFO main org.hibernate.cfg.SettingsFactory - JDBC batch size: 15
INFO main org.hibernate.cfg.SettingsFactory - JDBC batch updates for versioned data: disabled
INFO main org.hibernate.cfg.SettingsFactory - Scrollable result sets: enabled
INFO main org.hibernate.cfg.SettingsFactory - JDBC3 getGeneratedKeys(): enabled
INFO main org.hibernate.cfg.SettingsFactory - Connection release mode: auto
INFO main org.hibernate.cfg.SettingsFactory - Maximum outer join fetch depth: 2
INFO main org.hibernate.cfg.SettingsFactory - Default batch fetch size: 1
INFO main org.hibernate.cfg.SettingsFactory - Generate SQL with comments: disabled
INFO main org.hibernate.cfg.SettingsFactory - Order SQL updates by primary key: disabled
INFO main org.hibernate.cfg.SettingsFactory - Order SQL inserts for batching: disabled
INFO main org.hibernate.cfg.SettingsFactory - Query translator: org.hibernate.hql.ast.ASTQueryTranslatorFactory
INFO main org.hibernate.hql.ast.ASTQueryTranslatorFactory - Using ASTQueryTranslatorFactory
INFO main org.hibernate.cfg.SettingsFactory - Query language substitutions: {}
INFO main org.hibernate.cfg.SettingsFactory - JPA-QL strict compliance: enabled
INFO main org.hibernate.cfg.SettingsFactory - Second-level cache: enabled
INFO main org.hibernate.cfg.SettingsFactory - Query cache: disabled
INFO main org.hibernate.cfg.SettingsFactory - Cache region factory : org.hibernate.cache.impl.NoCachingRegionFactory
INFO main org.hibernate.cfg.SettingsFactory - Optimize cache for minimal puts: disabled
INFO main org.hibernate.cfg.SettingsFactory - Structured second-level cache entries: disabled
INFO main org.hibernate.cfg.SettingsFactory - Statistics: disabled
INFO main org.hibernate.cfg.SettingsFactory - Deleted entity synthetic identifier rollback: disabled
INFO main org.hibernate.cfg.SettingsFactory - Default entity-mode: pojo
INFO main org.hibernate.cfg.SettingsFactory - Named query checking : enabled
INFO main org.hibernate.cfg.SettingsFactory - Check Nullability in Core (should be disabled when Bean Validation is on): disabled
INFO main org.hibernate.impl.SessionFactoryImpl - building session factory
INFO main org.hibernate.impl.SessionFactoryObjectFactory - Not binding factory to JNDI, no JNDI name configured
INFO main org.hibernate.tool.hbm2ddl.SchemaUpdate - Running hbm2ddl schema update
INFO main org.hibernate.tool.hbm2ddl.SchemaUpdate - fetching database metadata
INFO main org.hibernate.tool.hbm2ddl.SchemaUpdate - updating schema
INFO main org.hibernate.validator.engine.resolver.DefaultTraversableResolver - Instantiated an instance of org.hibernate.validator.engine.resolver.JPATraversableResolver.
INFO main org.hibernate.tool.hbm2ddl.TableMetadata - table found: vedanta.employee
INFO main org.hibernate.tool.hbm2ddl.TableMetadata - columns: [status, version, city, country, user_name, first_name, mst_job_status, address_line_1, joining_date, created, email, address_line_2, last_name, gender, last_updated, mst_job_role, employee_id]
INFO main org.hibernate.tool.hbm2ddl.TableMetadata - foreign keys: [fk4722e6ae311257ae, fk4722e6ae39c84e26]
INFO main org.hibernate.tool.hbm2ddl.TableMetadata - indexes: [fk4722e6ae311257ae, fk4722e6ae39c84e26, primary]
INFO main org.hibernate.tool.hbm2ddl.TableMetadata - table found: vedanta.employee_hist
INFO main org.hibernate.tool.hbm2ddl.TableMetadata - columns: [status, job_status, version, city, country, id, user_name, first_name, address_line_1, joining_date, created, email, address_line_2, last_name, job_role, gender, last_updated, employee_id]
INFO main org.hibernate.tool.hbm2ddl.TableMetadata - foreign keys: [fk8713ae132c2044d5, fk8713ae1351062e1d]
INFO main org.hibernate.tool.hbm2ddl.TableMetadata - indexes: [fk8713ae132c2044d5, primary, fk8713ae1351062e1d]
INFO main org.hibernate.tool.hbm2ddl.TableMetadata - table found: vedanta.mst_job_role
INFO main org.hibernate.tool.hbm2ddl.TableMetadata - columns: [id, job_role, version]
INFO main org.hibernate.tool.hbm2ddl.TableMetadata - foreign keys: []
INFO main org.hibernate.tool.hbm2ddl.TableMetadata - indexes: [primary, job_role]
INFO main org.hibernate.tool.hbm2ddl.TableMetadata - table found: vedanta.mst_job_status
INFO main org.hibernate.tool.hbm2ddl.TableMetadata - columns: [id, job_status, version]
INFO main org.hibernate.tool.hbm2ddl.TableMetadata - foreign keys: []
INFO main org.hibernate.tool.hbm2ddl.TableMetadata - indexes: [primary, job_status]
INFO main org.hibernate.tool.hbm2ddl.TableMetadata - table found: vedanta.project
INFO main org.hibernate.tool.hbm2ddl.TableMetadata - columns: [project_name, supervisor, project_id, version]
INFO main org.hibernate.tool.hbm2ddl.TableMetadata - foreign keys: [fked904b19b8f69b07]
INFO main org.hibernate.tool.hbm2ddl.TableMetadata - indexes: [primary, fked904b19b8f69b07]
INFO main org.hibernate.tool.hbm2ddl.SchemaUpdate - schema update complete
INFO main org.springframework.web.context.ContextLoader - Root WebApplicationContext: initialization completed in 7210 ms
INFO main org.springframework.web.servlet.DispatcherServlet - FrameworkServlet 'KERP': initialization started
INFO main org.springframework.web.context.support.XmlWebApplicationContext - Refreshing WebApplicationContext for namespace 'KERP-servlet': startup date [Sun Mar 18 10:52:42 IST 2012]; parent: Root WebApplicationContext
INFO main org.springframework.beans.factory.xml.XmlBeanDefinitionReader - Loading XML bean definitions from ServletContext resource [/WEB-INF/spring/webmvc-config.xml]
INFO main org.springframework.beans.factory.support.DefaultListableBeanFactory - Pre-instantiating singletons in org.springframework.beans.factory.support.DefaultListableBeanFactory@1331b: defining beans [assignToProject,employeeController,employeeHistController,mst_job_roleController,mst_job_statusController,projectController,org.springframework.context.annotation.internalConfigurationAnnotationProcessor,org.springframework.context.annotation.internalAutowiredAnnotationProcessor,org.springframework.context.annotation.internalRequiredAnnotationProcessor,org.springframework.context.annotation.internalCommonAnnotationProcessor,org.springframework.context.annotation.internalPersistenceAnnotationProcessor,org.springframework.web.servlet.mvc.annotation.DefaultAnnotationHandlerMapping#0,org.springframework.validation.beanvalidation.LocalValidatorFactoryBean#0,org.springframework.web.servlet.mvc.annotation.AnnotationMethodHandlerAdapter#0,org.springframework.web.servlet.handler.MappedInterceptor#0,org.springframework.web.servlet.mvc.HttpRequestHandlerAdapter,org.springframework.web.servlet.resource.ResourceHttpRequestHandler#0,org.springframework.web.servlet.handler.SimpleUrlHandlerMapping#0,org.springframework.web.servlet.resource.DefaultServletHttpRequestHandler#0,org.springframework.web.servlet.handler.SimpleUrlHandlerMapping#1,org.springframework.web.servlet.handler.MappedInterceptor#1,org.springframework.web.servlet.handler.MappedInterceptor#2,org.springframework.web.servlet.config.viewControllerHandlerAdapter,org.springframework.web.servlet.config.viewControllerHandlerMapping,messageSource,localeResolver,themeSource,themeResolver,org.springframework.web.servlet.handler.SimpleMappingExceptionResolver#0,multipartResolver,tilesViewResolver,tilesConfigurer,applicationConversionService]; parent: org.springframework.beans.factory.support.DefaultListableBeanFactory@1e62b84
INFO main org.springframework.web.servlet.mvc.annotation.DefaultAnnotationHandlerMapping - Mapped URL path [/Project/**/{id}] onto handler 'assignToProject'
INFO main org.springframework.web.servlet.mvc.annotation.DefaultAnnotationHandlerMapping - Mapped URL path [/Project/**/{id}.*] onto handler 'assignToProject'
INFO main org.springframework.web.servlet.mvc.annotation.DefaultAnnotationHandlerMapping - Mapped URL path [/Project/**/{id}/] onto handler 'assignToProject'
INFO main org.springframework.web.servlet.mvc.annotation.DefaultAnnotationHandlerMapping - Mapped URL path [/Project/**] onto handler 'assignToProject'
INFO main org.springframework.web.servlet.mvc.annotation.DefaultAnnotationHandlerMapping - Mapped URL path [/Project/**.*] onto handler 'assignToProject'
INFO main org.springframework.web.servlet.mvc.annotation.DefaultAnnotationHandlerMapping - Mapped URL path [/Project/**/] onto handler 'assignToProject'
INFO main org.springframework.web.servlet.mvc.annotation.DefaultAnnotationHandlerMapping - Mapped URL path [/employees/{employee_id}] onto handler 'employeeController'
INFO main org.springframework.web.servlet.mvc.annotation.DefaultAnnotationHandlerMapping - Mapped URL path [/employees/{employee_id}.*] onto handler 'employeeController'
INFO main org.springframework.web.servlet.mvc.annotation.DefaultAnnotationHandlerMapping - Mapped URL path [/employees/{employee_id}/] onto handler 'employeeController'
INFO main org.springframework.web.servlet.mvc.annotation.DefaultAnnotationHandlerMapping - Mapped URL path [/employees] onto handler 'employeeController'
INFO main org.springframework.web.servlet.mvc.annotation.DefaultAnnotationHandlerMapping - Mapped URL path [/employees.*] onto handler 'employeeController'
INFO main org.springframework.web.servlet.mvc.annotation.DefaultAnnotationHandlerMapping - Mapped URL path [/employees/] onto handler 'employeeController'
INFO main org.springframework.web.servlet.mvc.annotation.DefaultAnnotationHandlerMapping - Mapped URL path [/employeehists/{id}] onto handler 'employeeHistController'
INFO main org.springframework.web.servlet.mvc.annotation.DefaultAnnotationHandlerMapping - Mapped URL path [/employeehists/{id}.*] onto handler 'employeeHistController'
INFO main org.springframework.web.servlet.mvc.annotation.DefaultAnnotationHandlerMapping - Mapped URL path [/employeehists/{id}/] onto handler 'employeeHistController'
INFO main org.springframework.web.servlet.mvc.annotation.DefaultAnnotationHandlerMapping - Mapped URL path [/employeehists] onto handler 'employeeHistController'
INFO main org.springframework.web.servlet.mvc.annotation.DefaultAnnotationHandlerMapping - Mapped URL path [/employeehists.*] onto handler 'employeeHistController'
INFO main org.springframework.web.servlet.mvc.annotation.DefaultAnnotationHandlerMapping - Mapped URL path [/employeehists/] onto handler 'employeeHistController'
INFO main org.springframework.web.servlet.mvc.annotation.DefaultAnnotationHandlerMapping - Mapped URL path [/mst_job_roles/{id}] onto handler 'mst_job_roleController'
INFO main org.springframework.web.servlet.mvc.annotation.DefaultAnnotationHandlerMapping - Mapped URL path [/mst_job_roles/{id}.*] onto handler 'mst_job_roleController'
INFO main org.springframework.web.servlet.mvc.annotation.DefaultAnnotationHandlerMapping - Mapped URL path [/mst_job_roles/{id}/] onto handler 'mst_job_roleController'
INFO main org.springframework.web.servlet.mvc.annotation.DefaultAnnotationHandlerMapping - Mapped URL path [/mst_job_roles] onto handler 'mst_job_roleController'
INFO main org.springframework.web.servlet.mvc.annotation.DefaultAnnotationHandlerMapping - Mapped URL path [/mst_job_roles.*] onto handler 'mst_job_roleController'
INFO main org.springframework.web.servlet.mvc.annotation.DefaultAnnotationHandlerMapping - Mapped URL path [/mst_job_roles/] onto handler 'mst_job_roleController'
INFO main org.springframework.web.servlet.mvc.annotation.DefaultAnnotationHandlerMapping - Mapped URL path [/mst_job_statuses/{id}] onto handler 'mst_job_statusController'
INFO main org.springframework.web.servlet.mvc.annotation.DefaultAnnotationHandlerMapping - Mapped URL path [/mst_job_statuses/{id}.*] onto handler 'mst_job_statusController'
INFO main org.springframework.web.servlet.mvc.annotation.DefaultAnnotationHandlerMapping - Mapped URL path [/mst_job_statuses/{id}/] onto handler 'mst_job_statusController'
INFO main org.springframework.web.servlet.mvc.annotation.DefaultAnnotationHandlerMapping - Mapped URL path [/mst_job_statuses] onto handler 'mst_job_statusController'
INFO main org.springframework.web.servlet.mvc.annotation.DefaultAnnotationHandlerMapping - Mapped URL path [/mst_job_statuses.*] onto handler 'mst_job_statusController'
INFO main org.springframework.web.servlet.mvc.annotation.DefaultAnnotationHandlerMapping - Mapped URL path [/mst_job_statuses/] onto handler 'mst_job_statusController'
INFO main org.springframework.web.servlet.mvc.annotation.DefaultAnnotationHandlerMapping - Mapped URL path [/projects/{project_id}] onto handler 'projectController'
INFO main org.springframework.web.servlet.mvc.annotation.DefaultAnnotationHandlerMapping - Mapped URL path [/projects/{project_id}.*] onto handler 'projectController'
INFO main org.springframework.web.servlet.mvc.annotation.DefaultAnnotationHandlerMapping - Mapped URL path [/projects/{project_id}/] onto handler 'projectController'
INFO main org.springframework.web.servlet.mvc.annotation.DefaultAnnotationHandlerMapping - Mapped URL path [/projects] onto handler 'projectController'
INFO main org.springframework.web.servlet.mvc.annotation.DefaultAnnotationHandlerMapping - Mapped URL path [/projects.*] onto handler 'projectController'
INFO main org.springframework.web.servlet.mvc.annotation.DefaultAnnotationHandlerMapping - Mapped URL path [/projects/] onto handler 'projectController'
INFO main org.hibernate.validator.engine.resolver.DefaultTraversableResolver - Instantiated an instance of org.hibernate.validator.engine.resolver.JPATraversableResolver.
INFO main org.springframework.web.servlet.handler.SimpleUrlHandlerMapping - Mapped URL path [/resources/**] onto handler 'org.springframework.web.servlet.resource.ResourceHttpRequestHandler#0'
INFO main org.springframework.web.servlet.handler.SimpleUrlHandlerMapping - Mapped URL path [/**] onto handler 'org.springframework.web.servlet.resource.DefaultServletHttpRequestHandler#0'
INFO main org.springframework.web.servlet.handler.SimpleUrlHandlerMapping - Mapped URL path [/uncaughtException] onto handler of type [class org.springframework.web.servlet.mvc.ParameterizableViewController]
INFO main org.springframework.web.servlet.handler.SimpleUrlHandlerMapping - Mapped URL path [/resourceNotFound] onto handler of type [class org.springframework.web.servlet.mvc.ParameterizableViewController]
INFO main org.springframework.web.servlet.handler.SimpleUrlHandlerMapping - Mapped URL path [/login] onto handler of type [class org.springframework.web.servlet.mvc.ParameterizableViewController]
INFO main org.springframework.web.servlet.handler.SimpleUrlHandlerMapping - Mapped URL path [/dataAccessFailure] onto handler of type [class org.springframework.web.servlet.mvc.ParameterizableViewController]
INFO main org.springframework.web.servlet.handler.SimpleUrlHandlerMapping - Root mapping to handler of type [class org.springframework.web.servlet.mvc.ParameterizableViewController]
INFO main org.springframework.web.servlet.view.tiles2.TilesConfigurer - TilesConfigurer: adding definitions [/WEB-INF/layouts/layouts.xml,/WEB-INF/views/**/views.xml]
INFO main org.apache.tiles.context.AbstractTilesApplicationContextFactory - Initializing Tiles2 application context. . .
INFO main org.apache.tiles.context.AbstractTilesApplicationContextFactory - Finished initializing Tiles2 application context.
INFO main org.apache.tiles.access.TilesAccess - Publishing TilesContext for context: org.springframework.web.servlet.view.tiles2.SpringTilesApplicationContextFactory$SpringWildcardServletTilesApplicationContext
INFO main org.springframework.web.servlet.DispatcherServlet - FrameworkServlet 'KERP': initialization completed in 2688 ms
WARN http-8080-2 org.hibernate.util.JDBCExceptionReporter - SQL Error: 1451, SQLState: 23000
ERROR http-8080-2 org.hibernate.util.JDBCExceptionReporter - Cannot delete or update a parent row: a foreign key constraint fails (`vedanta`.`employee`, CONSTRAINT `FK4722E6AE39C84E26` FOREIGN KEY (`mst_job_status`) REFERENCES `mst_job_status` (`id`))
ERROR http-8080-2 org.hibernate.event.def.AbstractFlushingEventListener - Could not synchronize database state with session
org.hibernate.exception.ConstraintViolationException: could not delete: [com.kreativ.kerp.reference.Mst_job_status#1]
	at org.hibernate.exception.SQLStateConverter.convert(SQLStateConverter.java:96)
	at org.hibernate.exception.JDBCExceptionHelper.convert(JDBCExceptionHelper.java:66)
	at org.hibernate.persister.entity.AbstractEntityPersister.delete(AbstractEntityPersister.java:2712)
	at org.hibernate.persister.entity.AbstractEntityPersister.delete(AbstractEntityPersister.java:2895)
	at org.hibernate.action.EntityDeleteAction.execute(EntityDeleteAction.java:97)
	at org.hibernate.engine.ActionQueue.execute(ActionQueue.java:267)
	at org.hibernate.engine.ActionQueue.executeActions(ActionQueue.java:259)
	at org.hibernate.engine.ActionQueue.executeActions(ActionQueue.java:183)
	at org.hibernate.event.def.AbstractFlushingEventListener.performExecutions(AbstractFlushingEventListener.java:321)
	at org.hibernate.event.def.DefaultFlushEventListener.onFlush(DefaultFlushEventListener.java:51)
	at org.hibernate.impl.SessionImpl.flush(SessionImpl.java:1206)
	at org.hibernate.impl.SessionImpl.managedFlush(SessionImpl.java:375)
	at org.hibernate.transaction.JDBCTransaction.commit(JDBCTransaction.java:137)
	at org.hibernate.ejb.TransactionImpl.commit(TransactionImpl.java:76)
	at org.springframework.orm.jpa.JpaTransactionManager.doCommit(JpaTransactionManager.java:467)
	at org.springframework.transaction.support.AbstractPlatformTransactionManager.processCommit(AbstractPlatformTransactionManager.java:754)
	at org.springframework.transaction.support.AbstractPlatformTransactionManager.commit(AbstractPlatformTransactionManager.java:723)
	at org.springframework.transaction.interceptor.TransactionAspectSupport.commitTransactionAfterReturning(TransactionAspectSupport.java:393)
	at org.springframework.transaction.aspectj.AbstractTransactionAspect.ajc$afterReturning$org_springframework_transaction_aspectj_AbstractTransactionAspect$3$2a73e96c(AbstractTransactionAspect.aj:78)
	at com.kreativ.kerp.reference.Mst_job_status_Roo_Entity.ajc$interMethod$com_kreativ_kerp_reference_Mst_job_status_Roo_Entity$com_kreativ_kerp_reference_Mst_job_status$remove(Mst_job_status_Roo_Entity.aj:71)
	at com.kreativ.kerp.reference.Mst_job_status.remove(Mst_job_status.java:1)
	at com.kreativ.kerp.reference.Mst_job_status_Roo_Entity.ajc$interMethodDispatch1$com_kreativ_kerp_reference_Mst_job_status_Roo_Entity$com_kreativ_kerp_reference_Mst_job_status$remove(Mst_job_status_Roo_Entity.aj)
	at com.kreativ.kerp.web.Mst_job_statusController_Roo_Controller.ajc$interMethod$com_kreativ_kerp_web_Mst_job_statusController_Roo_Controller$com_kreativ_kerp_web_Mst_job_statusController$delete(Mst_job_statusController_Roo_Controller.aj:71)
	at com.kreativ.kerp.web.Mst_job_statusController.delete(Mst_job_statusController.java:1)
	at sun.reflect.NativeMethodAccessorImpl.invoke0(Native Method)
	at sun.reflect.NativeMethodAccessorImpl.invoke(NativeMethodAccessorImpl.java:39)
	at sun.reflect.DelegatingMethodAccessorImpl.invoke(DelegatingMethodAccessorImpl.java:25)
	at java.lang.reflect.Method.invoke(Method.java:597)
	at org.springframework.web.bind.annotation.support.HandlerMethodInvoker.invokeHandlerMethod(HandlerMethodInvoker.java:176)
	at org.springframework.web.servlet.mvc.annotation.AnnotationMethodHandlerAdapter.invokeHandlerMethod(AnnotationMethodHandlerAdapter.java:426)
	at org.springframework.web.servlet.mvc.annotation.AnnotationMethodHandlerAdapter.handle(AnnotationMethodHandlerAdapter.java:414)
	at org.springframework.web.servlet.DispatcherServlet.doDispatch(DispatcherServlet.java:790)
	at org.springframework.web.servlet.DispatcherServlet.doService(DispatcherServlet.java:719)
	at org.springframework.web.servlet.FrameworkServlet.processRequest(FrameworkServlet.java:644)
	at org.springframework.web.servlet.FrameworkServlet.doDelete(FrameworkServlet.java:582)
	at javax.servlet.http.HttpServlet.service(HttpServlet.java:643)
	at javax.servlet.http.HttpServlet.service(HttpServlet.java:717)
	at org.apache.catalina.core.ApplicationFilterChain.internalDoFilter(ApplicationFilterChain.java:290)
	at org.apache.catalina.core.ApplicationFilterChain.doFilter(ApplicationFilterChain.java:206)
	at org.springframework.web.filter.CharacterEncodingFilter.doFilterInternal(CharacterEncodingFilter.java:88)
	at org.springframework.web.filter.OncePerRequestFilter.doFilter(OncePerRequestFilter.java:76)
	at org.apache.catalina.core.ApplicationFilterChain.internalDoFilter(ApplicationFilterChain.java:235)
	at org.apache.catalina.core.ApplicationFilterChain.doFilter(ApplicationFilterChain.java:206)
	at org.springframework.security.web.FilterChainProxy$VirtualFilterChain.doFilter(FilterChainProxy.java:343)
	at org.springframework.security.web.access.intercept.FilterSecurityInterceptor.invoke(FilterSecurityInterceptor.java:109)
	at org.springframework.security.web.access.intercept.FilterSecurityInterceptor.doFilter(FilterSecurityInterceptor.java:83)
	at org.springframework.security.web.FilterChainProxy$VirtualFilterChain.doFilter(FilterChainProxy.java:355)
	at org.springframework.security.web.access.ExceptionTranslationFilter.doFilter(ExceptionTranslationFilter.java:97)
	at org.springframework.security.web.FilterChainProxy$VirtualFilterChain.doFilter(FilterChainProxy.java:355)
	at org.springframework.security.web.session.SessionManagementFilter.doFilter(SessionManagementFilter.java:100)
	at org.springframework.security.web.FilterChainProxy$VirtualFilterChain.doFilter(FilterChainProxy.java:355)
	at org.springframework.security.web.authentication.AnonymousAuthenticationFilter.doFilter(AnonymousAuthenticationFilter.java:78)
	at org.springframework.security.web.FilterChainProxy$VirtualFilterChain.doFilter(FilterChainProxy.java:355)
	at org.springframework.security.web.servletapi.SecurityContextHolderAwareRequestFilter.doFilter(SecurityContextHolderAwareRequestFilter.java:54)
	at org.springframework.security.web.FilterChainProxy$VirtualFilterChain.doFilter(FilterChainProxy.java:355)
	at org.springframework.security.web.savedrequest.RequestCacheAwareFilter.doFilter(RequestCacheAwareFilter.java:35)
	at org.springframework.security.web.FilterChainProxy$VirtualFilterChain.doFilter(FilterChainProxy.java:355)
	at org.springframework.security.web.authentication.www.BasicAuthenticationFilter.doFilter(BasicAuthenticationFilter.java:177)
	at org.springframework.security.web.FilterChainProxy$VirtualFilterChain.doFilter(FilterChainProxy.java:355)
	at org.springframework.security.web.authentication.AbstractAuthenticationProcessingFilter.doFilter(AbstractAuthenticationProcessingFilter.java:188)
	at org.springframework.security.web.FilterChainProxy$VirtualFilterChain.doFilter(FilterChainProxy.java:355)
	at org.springframework.security.web.authentication.logout.LogoutFilter.doFilter(LogoutFilter.java:105)
	at org.springframework.security.web.FilterChainProxy$VirtualFilterChain.doFilter(FilterChainProxy.java:355)
	at org.springframework.security.web.context.SecurityContextPersistenceFilter.doFilter(SecurityContextPersistenceFilter.java:79)
	at org.springframework.security.web.FilterChainProxy$VirtualFilterChain.doFilter(FilterChainProxy.java:355)
	at org.springframework.security.web.FilterChainProxy.doFilter(FilterChainProxy.java:149)
	at org.springframework.web.filter.DelegatingFilterProxy.invokeDelegate(DelegatingFilterProxy.java:237)
	at org.springframework.web.filter.DelegatingFilterProxy.doFilter(DelegatingFilterProxy.java:167)
	at org.apache.catalina.core.ApplicationFilterChain.internalDoFilter(ApplicationFilterChain.java:235)
	at org.apache.catalina.core.ApplicationFilterChain.doFilter(ApplicationFilterChain.java:206)
	at org.springframework.web.filter.HiddenHttpMethodFilter.doFilterInternal(HiddenHttpMethodFilter.java:74)
	at org.springframework.web.filter.OncePerRequestFilter.doFilter(OncePerRequestFilter.java:76)
	at org.apache.catalina.core.ApplicationFilterChain.internalDoFilter(ApplicationFilterChain.java:235)
	at org.apache.catalina.core.ApplicationFilterChain.doFilter(ApplicationFilterChain.java:206)
	at org.springframework.orm.jpa.support.OpenEntityManagerInViewFilter.doFilterInternal(OpenEntityManagerInViewFilter.java:113)
	at org.springframework.web.filter.OncePerRequestFilter.doFilter(OncePerRequestFilter.java:76)
	at org.apache.catalina.core.ApplicationFilterChain.internalDoFilter(ApplicationFilterChain.java:235)
	at org.apache.catalina.core.ApplicationFilterChain.doFilter(ApplicationFilterChain.java:206)
	at org.apache.catalina.core.StandardWrapperValve.invoke(StandardWrapperValve.java:233)
	at org.apache.catalina.core.StandardContextValve.invoke(StandardContextValve.java:191)
	at org.apache.catalina.core.StandardHostValve.invoke(StandardHostValve.java:127)
	at org.apache.catalina.valves.ErrorReportValve.invoke(ErrorReportValve.java:102)
	at org.apache.catalina.core.StandardEngineValve.invoke(StandardEngineValve.java:109)
	at org.apache.catalina.connector.CoyoteAdapter.service(CoyoteAdapter.java:298)
	at org.apache.coyote.http11.Http11Processor.process(Http11Processor.java:852)
	at org.apache.coyote.http11.Http11Protocol$Http11ConnectionHandler.process(Http11Protocol.java:588)
	at org.apache.tomcat.util.net.JIoEndpoint$Worker.run(JIoEndpoint.java:489)
	at java.lang.Thread.run(Thread.java:662)
Caused by: com.mysql.jdbc.exceptions.jdbc4.MySQLIntegrityConstraintViolationException: Cannot delete or update a parent row: a foreign key constraint fails (`vedanta`.`employee`, CONSTRAINT `FK4722E6AE39C84E26` FOREIGN KEY (`mst_job_status`) REFERENCES `mst_job_status` (`id`))
	at sun.reflect.NativeConstructorAccessorImpl.newInstance0(Native Method)
	at sun.reflect.NativeConstructorAccessorImpl.newInstance(NativeConstructorAccessorImpl.java:39)
	at sun.reflect.DelegatingConstructorAccessorImpl.newInstance(DelegatingConstructorAccessorImpl.java:27)
	at java.lang.reflect.Constructor.newInstance(Constructor.java:513)
	at com.mysql.jdbc.Util.handleNewInstance(Util.java:409)
	at com.mysql.jdbc.Util.getInstance(Util.java:384)
	at com.mysql.jdbc.SQLError.createSQLException(SQLError.java:1041)
	at com.mysql.jdbc.MysqlIO.checkErrorPacket(MysqlIO.java:3566)
	at com.mysql.jdbc.MysqlIO.checkErrorPacket(MysqlIO.java:3498)
	at com.mysql.jdbc.MysqlIO.sendCommand(MysqlIO.java:1959)
	at com.mysql.jdbc.MysqlIO.sqlQueryDirect(MysqlIO.java:2113)
	at com.mysql.jdbc.ConnectionImpl.execSQL(ConnectionImpl.java:2568)
	at com.mysql.jdbc.PreparedStatement.executeInternal(PreparedStatement.java:2113)
	at com.mysql.jdbc.PreparedStatement.executeUpdate(PreparedStatement.java:2409)
	at com.mysql.jdbc.PreparedStatement.executeUpdate(PreparedStatement.java:2327)
	at com.mysql.jdbc.PreparedStatement.executeUpdate(PreparedStatement.java:2312)
	at org.apache.commons.dbcp.DelegatingPreparedStatement.executeUpdate(DelegatingPreparedStatement.java:105)
	at org.apache.commons.dbcp.DelegatingPreparedStatement.executeUpdate(DelegatingPreparedStatement.java:105)
	at org.hibernate.persister.entity.AbstractEntityPersister.delete(AbstractEntityPersister.java:2694)
	... 85 more
